# Logfile created on 2014-01-11 15:57:09 -0300 by logger.rb/41954
I, [2014-01-11T15:57:09.477034 #899]  INFO -- : 0:  rake (10.1.1) from /Users/yoshirotsutsumi/.rvm/gems/ruby-2.0.0-p353/specifications/rake-10.1.1.gemspec
I, [2014-01-11T15:57:09.477459 #899]  INFO -- : 0:  i18n (0.6.9) from /Users/yoshirotsutsumi/.rvm/gems/ruby-2.0.0-p353/specifications/i18n-0.6.9.gemspec
I, [2014-01-11T15:57:13.694875 #899]  INFO -- : 0:  minitest (4.7.5) from /Users/yoshirotsutsumi/.rvm/gems/ruby-2.0.0-p353/specifications/minitest-4.7.5.gemspec
I, [2014-01-11T15:57:13.695403 #899]  INFO -- : 0:  multi_json (1.8.2) from /Users/yoshirotsutsumi/.rvm/gems/ruby-2.0.0-p353/specifications/multi_json-1.8.2.gemspec
I, [2014-01-11T15:57:13.695902 #899]  INFO -- : 0:  atomic (1.1.14) from /Users/yoshirotsutsumi/.rvm/gems/ruby-2.0.0-p353/specifications/atomic-1.1.14.gemspec
I, [2014-01-11T15:57:13.696240 #899]  INFO -- : 0:  thread_safe (0.1.3) from /Users/yoshirotsutsumi/.rvm/gems/ruby-2.0.0-p353/specifications/thread_safe-0.1.3.gemspec
I, [2014-01-11T15:57:13.696571 #899]  INFO -- : 0:  tzinfo (0.3.38) from /Users/yoshirotsutsumi/.rvm/gems/ruby-2.0.0-p353/specifications/tzinfo-0.3.38.gemspec
I, [2014-01-11T15:57:13.696900 #899]  INFO -- : 0:  activesupport (4.0.2) from /Users/yoshirotsutsumi/.rvm/gems/ruby-2.0.0-p353/specifications/activesupport-4.0.2.gemspec
I, [2014-01-11T15:57:13.697226 #899]  INFO -- : 0:  builder (3.1.4) from /Users/yoshirotsutsumi/.rvm/gems/ruby-2.0.0-p353/specifications/builder-3.1.4.gemspec
I, [2014-01-11T15:57:13.697549 #899]  INFO -- : 0:  erubis (2.7.0) from /Users/yoshirotsutsumi/.rvm/gems/ruby-2.0.0-p353/specifications/erubis-2.7.0.gemspec
I, [2014-01-11T15:57:13.697871 #899]  INFO -- : 0:  rack (1.5.2) from /Users/yoshirotsutsumi/.rvm/gems/ruby-2.0.0-p353/specifications/rack-1.5.2.gemspec
I, [2014-01-11T15:57:13.698194 #899]  INFO -- : 0:  rack-test (0.6.2) from /Users/yoshirotsutsumi/.rvm/gems/ruby-2.0.0-p353/specifications/rack-test-0.6.2.gemspec
I, [2014-01-11T15:57:13.698515 #899]  INFO -- : 0:  actionpack (4.0.2) from /Users/yoshirotsutsumi/.rvm/gems/ruby-2.0.0-p353/specifications/actionpack-4.0.2.gemspec
I, [2014-01-11T15:57:13.698838 #899]  INFO -- : 0:  mime-types (1.25.1) from /Users/yoshirotsutsumi/.rvm/gems/ruby-2.0.0-p353/specifications/mime-types-1.25.1.gemspec
I, [2014-01-11T15:57:13.699196 #899]  INFO -- : 0:  polyglot (0.3.3) from /Users/yoshirotsutsumi/.rvm/gems/ruby-2.0.0-p353/specifications/polyglot-0.3.3.gemspec
I, [2014-01-11T15:57:13.699517 #899]  INFO -- : 0:  treetop (1.4.15) from /Users/yoshirotsutsumi/.rvm/gems/ruby-2.0.0-p353/specifications/treetop-1.4.15.gemspec
I, [2014-01-11T15:57:13.699838 #899]  INFO -- : 0:  mail (2.5.4) from /Users/yoshirotsutsumi/.rvm/gems/ruby-2.0.0-p353/specifications/mail-2.5.4.gemspec
I, [2014-01-11T15:57:13.700157 #899]  INFO -- : 0:  actionmailer (4.0.2) from /Users/yoshirotsutsumi/.rvm/gems/ruby-2.0.0-p353/specifications/actionmailer-4.0.2.gemspec
I, [2014-01-11T15:57:13.700478 #899]  INFO -- : 0:  activemodel (4.0.2) from /Users/yoshirotsutsumi/.rvm/gems/ruby-2.0.0-p353/specifications/activemodel-4.0.2.gemspec
I, [2014-01-11T15:57:13.700801 #899]  INFO -- : 0:  activerecord-deprecated_finders (1.0.3) from /Users/yoshirotsutsumi/.rvm/gems/ruby-2.0.0-p353/specifications/activerecord-deprecated_finders-1.0.3.gemspec
I, [2014-01-11T15:57:13.701119 #899]  INFO -- : 0:  arel (4.0.1) from /Users/yoshirotsutsumi/.rvm/gems/ruby-2.0.0-p353/specifications/arel-4.0.1.gemspec
I, [2014-01-11T15:57:13.701438 #899]  INFO -- : 0:  activerecord (4.0.2) from /Users/yoshirotsutsumi/.rvm/gems/ruby-2.0.0-p353/specifications/activerecord-4.0.2.gemspec
I, [2014-01-11T15:57:16.279455 #899]  INFO -- : 0:  coffee-script-source (1.6.3) from /Users/yoshirotsutsumi/.rvm/gems/ruby-2.0.0-p353/specifications/coffee-script-source-1.6.3.gemspec
I, [2014-01-11T15:57:21.096618 #899]  INFO -- : 0:  execjs (2.0.2) from /Users/yoshirotsutsumi/.rvm/gems/ruby-2.0.0-p353/specifications/execjs-2.0.2.gemspec
I, [2014-01-11T15:57:23.578632 #899]  INFO -- : 0:  coffee-script (2.2.0) from /Users/yoshirotsutsumi/.rvm/gems/ruby-2.0.0-p353/specifications/coffee-script-2.2.0.gemspec
I, [2014-01-11T15:57:23.579173 #899]  INFO -- : 0:  thor (0.18.1) from /Users/yoshirotsutsumi/.rvm/gems/ruby-2.0.0-p353/specifications/thor-0.18.1.gemspec
I, [2014-01-11T15:57:23.579576 #899]  INFO -- : 0:  railties (4.0.2) from /Users/yoshirotsutsumi/.rvm/gems/ruby-2.0.0-p353/specifications/railties-4.0.2.gemspec
I, [2014-01-11T15:57:26.091870 #899]  INFO -- : 0:  coffee-rails (4.0.1) from /Users/yoshirotsutsumi/.rvm/gems/ruby-2.0.0-p353/specifications/coffee-rails-4.0.1.gemspec
I, [2014-01-11T15:57:27.931021 #899]  INFO -- : 0:  commonjs (0.2.7) from /Users/yoshirotsutsumi/.rvm/gems/ruby-2.0.0-p353/specifications/commonjs-0.2.7.gemspec
I, [2014-01-11T15:57:27.931524 #899]  INFO -- : 0:  hike (1.2.3) from /Users/yoshirotsutsumi/.rvm/gems/ruby-2.0.0-p353/specifications/hike-1.2.3.gemspec
I, [2014-01-11T15:57:30.567479 #899]  INFO -- : 0:  jbuilder (1.5.3) from /Users/yoshirotsutsumi/.rvm/gems/ruby-2.0.0-p353/specifications/jbuilder-1.5.3.gemspec
I, [2014-01-11T15:57:33.340764 #899]  INFO -- : 0:  jquery-rails (3.0.4) from /Users/yoshirotsutsumi/.rvm/gems/ruby-2.0.0-p353/specifications/jquery-rails-3.0.4.gemspec
I, [2014-01-11T15:57:42.361596 #899]  INFO -- : 0:  json (1.8.1) from /Users/yoshirotsutsumi/.rvm/gems/ruby-2.0.0-p353/specifications/json-1.8.1.gemspec
I, [2014-01-11T15:58:00.186814 #899]  INFO -- : 0:  less (2.4.0) from /Users/yoshirotsutsumi/.rvm/gems/ruby-2.0.0-p353/specifications/less-2.4.0.gemspec
I, [2014-01-11T15:58:03.626100 #899]  INFO -- : 0:  less-rails (2.4.2) from /Users/yoshirotsutsumi/.rvm/gems/ruby-2.0.0-p353/specifications/less-rails-2.4.2.gemspec
I, [2014-01-11T16:01:03.013204 #899]  INFO -- : 0:  libv8 (3.16.14.3) from /Users/yoshirotsutsumi/.rvm/gems/ruby-2.0.0-p353/specifications/libv8-3.16.14.3-x86_64-darwin-13.gemspec
E, [2014-01-11T16:01:08.349110 #899] ERROR -- : Gem::Ext::BuildError: ERROR: Failed to build gem native extension.

    /Users/yoshirotsutsumi/.rvm/rubies/ruby-2.0.0-p353/bin/ruby extconf.rb 
checking for pg_config... no
No pg_config... trying anyway. If building fails, please try again with
 --with-pg-config=/path/to/pg_config
checking for libpq-fe.h... no
Can't find the 'libpq-fe.h header
*** extconf.rb failed ***
Could not create Makefile due to some reason, probably lack of necessary
libraries and/or headers.  Check the mkmf.log file for more details.  You may
need configuration options.

Provided configuration options:
	--with-opt-dir
	--with-opt-include
	--without-opt-include=${opt-dir}/include
	--with-opt-lib
	--without-opt-lib=${opt-dir}/lib
	--with-make-prog
	--without-make-prog
	--srcdir=.
	--curdir
	--ruby=/Users/yoshirotsutsumi/.rvm/rubies/ruby-2.0.0-p353/bin/ruby
	--with-pg
	--without-pg
	--with-pg-config
	--without-pg-config
	--with-pg_config
	--without-pg_config
	--with-pg-dir
	--without-pg-dir
	--with-pg-include
	--without-pg-include=${pg-dir}/include
	--with-pg-lib
	--without-pg-lib=${pg-dir}/

extconf failed, exit code 1

Gem files will remain installed in /Users/yoshirotsutsumi/.rvm/gems/ruby-2.0.0-p353/gems/pg-0.17.1 for inspection.
Results logged to /Users/yoshirotsutsumi/.rvm/gems/ruby-2.0.0-p353/extensions/x86_64-darwin-13/2.0.0/pg-0.17.1/gem_make.out

/Users/yoshirotsutsumi/.rvm/rubies/ruby-2.0.0-p353/lib/ruby/site_ruby/2.0.0/rubygems/ext/builder.rb:89:in `run'  \n/Users/yoshirotsutsumi/.rvm/rubies/ruby-2.0.0-p353/lib/ruby/site_ruby/2.0.0/rubygems/ext/ext_conf_builder.rb:37:in `block in build'  \n/Users/yoshirotsutsumi/.rvm/rubies/ruby-2.0.0-p353/lib/ruby/2.0.0/tempfile.rb:324:in `open'  \n/Users/yoshirotsutsumi/.rvm/rubies/ruby-2.0.0-p353/lib/ruby/site_ruby/2.0.0/rubygems/ext/ext_conf_builder.rb:17:in `build'  \n/Users/yoshirotsutsumi/.rvm/rubies/ruby-2.0.0-p353/lib/ruby/site_ruby/2.0.0/rubygems/ext/builder.rb:161:in `block (2 levels) in build_extension'  \n/Users/yoshirotsutsumi/.rvm/rubies/ruby-2.0.0-p353/lib/ruby/site_ruby/2.0.0/rubygems/ext/builder.rb:160:in `chdir'  \n/Users/yoshirotsutsumi/.rvm/rubies/ruby-2.0.0-p353/lib/ruby/site_ruby/2.0.0/rubygems/ext/builder.rb:160:in `block in build_extension'  \n/Users/yoshirotsutsumi/.rvm/rubies/ruby-2.0.0-p353/lib/ruby/site_ruby/2.0.0/rubygems/ext/builder.rb:159:in `synchronize'  \n/Users/yoshirotsutsumi/.rvm/rubies/ruby-2.0.0-p353/lib/ruby/site_ruby/2.0.0/rubygems/ext/builder.rb:159:in `build_extension'  \n/Users/yoshirotsutsumi/.rvm/rubies/ruby-2.0.0-p353/lib/ruby/site_ruby/2.0.0/rubygems/ext/builder.rb:198:in `block in build_extensions'  \n/Users/yoshirotsutsumi/.rvm/rubies/ruby-2.0.0-p353/lib/ruby/site_ruby/2.0.0/rubygems/ext/builder.rb:195:in `each'  \n/Users/yoshirotsutsumi/.rvm/rubies/ruby-2.0.0-p353/lib/ruby/site_ruby/2.0.0/rubygems/ext/builder.rb:195:in `build_extensions'  \n/Users/yoshirotsutsumi/.rvm/rubies/ruby-2.0.0-p353/lib/ruby/site_ruby/2.0.0/rubygems/installer.rb:677:in `build_extensions'  \n/Users/yoshirotsutsumi/.rvm/rubies/ruby-2.0.0-p353/lib/ruby/site_ruby/2.0.0/rubygems/installer.rb:232:in `install'  \n/Users/yoshirotsutsumi/.rvm/gems/ruby-2.0.0-p353@global/gems/bundler-1.5.1/lib/bundler/source/rubygems.rb:101:in `block in install'  \n/Users/yoshirotsutsumi/.rvm/gems/ruby-2.0.0-p353@global/gems/bundler-1.5.1/lib/bundler/rubygems_integration.rb:118:in `preserve_paths'  \n/Users/yoshirotsutsumi/.rvm/gems/ruby-2.0.0-p353@global/gems/bundler-1.5.1/lib/bundler/source/rubygems.rb:94:in `install'  \n/Users/yoshirotsutsumi/.rvm/gems/ruby-2.0.0-p353@global/gems/bundler-1.5.1/lib/bundler/installer.rb:111:in `block in install_gem_from_spec'  \n/Users/yoshirotsutsumi/.rvm/gems/ruby-2.0.0-p353@global/gems/bundler-1.5.1/lib/bundler/rubygems_integration.rb:150:in `with_build_args'  \n/Users/yoshirotsutsumi/.rvm/gems/ruby-2.0.0-p353@global/gems/bundler-1.5.1/lib/bundler/installer.rb:110:in `install_gem_from_spec'  \n/Users/yoshirotsutsumi/.rvm/gems/ruby-2.0.0-p353@global/gems/bundler-1.5.1/lib/bundler/installer.rb:295:in `block in install_sequentially'  \n/Users/yoshirotsutsumi/.rvm/rubies/ruby-2.0.0-p353/lib/ruby/2.0.0/forwardable.rb:171:in `each'  \n/Users/yoshirotsutsumi/.rvm/rubies/ruby-2.0.0-p353/lib/ruby/2.0.0/forwardable.rb:171:in `each'  \n/Users/yoshirotsutsumi/.rvm/gems/ruby-2.0.0-p353@global/gems/bundler-1.5.1/lib/bundler/installer.rb:294:in `install_sequentially'  \n/Users/yoshirotsutsumi/.rvm/gems/ruby-2.0.0-p353@global/gems/bundler-1.5.1/lib/bundler/installer.rb:97:in `run'  \n/Users/yoshirotsutsumi/.rvm/gems/ruby-2.0.0-p353@global/gems/bundler-1.5.1/lib/bundler/installer.rb:15:in `install'  \n/Users/yoshirotsutsumi/.rvm/gems/ruby-2.0.0-p353@global/gems/bundler-1.5.1/lib/bundler/cli.rb:257:in `install'  \n/Users/yoshirotsutsumi/.rvm/gems/ruby-2.0.0-p353@global/gems/bundler-1.5.1/lib/bundler/vendor/thor/command.rb:27:in `run'  \n/Users/yoshirotsutsumi/.rvm/gems/ruby-2.0.0-p353@global/gems/bundler-1.5.1/lib/bundler/vendor/thor/invocation.rb:120:in `invoke_command'  \n/Users/yoshirotsutsumi/.rvm/gems/ruby-2.0.0-p353@global/gems/bundler-1.5.1/lib/bundler/vendor/thor.rb:363:in `dispatch'  \n/Users/yoshirotsutsumi/.rvm/gems/ruby-2.0.0-p353@global/gems/bundler-1.5.1/lib/bundler/vendor/thor/base.rb:438:in `start'  \n/Users/yoshirotsutsumi/.rvm/gems/ruby-2.0.0-p353@global/gems/bundler-1.5.1/lib/bundler/cli.rb:10:in `start'  \n/Users/yoshirotsutsumi/.rvm/gems/ruby-2.0.0-p353@global/gems/bundler-1.5.1/bin/bundle:22:in `block in <top (required)>'  \n/Users/yoshirotsutsumi/.rvm/gems/ruby-2.0.0-p353@global/gems/bundler-1.5.1/lib/bundler/friendly_errors.rb:5:in `with_friendly_errors'  \n/Users/yoshirotsutsumi/.rvm/gems/ruby-2.0.0-p353@global/gems/bundler-1.5.1/bin/bundle:22:in `<top (required)>'  \n/Users/yoshirotsutsumi/.rvm/gems/ruby-2.0.0-p353@global/bin/bundle:23:in `load'  \n/Users/yoshirotsutsumi/.rvm/gems/ruby-2.0.0-p353@global/bin/bundle:23:in `<main>'  \n/Users/yoshirotsutsumi/.rvm/gems/ruby-2.0.0-p353/bin/ruby_executable_hooks:15:in `eval'  \n/Users/yoshirotsutsumi/.rvm/gems/ruby-2.0.0-p353/bin/ruby_executable_hooks:15:in `<main>'
I, [2014-01-11T16:17:19.411962 #2455]  INFO -- : 0:  rake (10.1.1) from /Users/yoshirotsutsumi/.rvm/gems/ruby-2.0.0-p353/specifications/rake-10.1.1.gemspec
I, [2014-01-11T16:17:19.413247 #2455]  INFO -- : 0:  i18n (0.6.9) from /Users/yoshirotsutsumi/.rvm/gems/ruby-2.0.0-p353/specifications/i18n-0.6.9.gemspec
I, [2014-01-11T16:17:19.413875 #2455]  INFO -- : 0:  minitest (4.7.5) from /Users/yoshirotsutsumi/.rvm/gems/ruby-2.0.0-p353/specifications/minitest-4.7.5.gemspec
I, [2014-01-11T16:17:19.414390 #2455]  INFO -- : 0:  multi_json (1.8.2) from /Users/yoshirotsutsumi/.rvm/gems/ruby-2.0.0-p353/specifications/multi_json-1.8.2.gemspec
I, [2014-01-11T16:17:19.414895 #2455]  INFO -- : 0:  atomic (1.1.14) from /Users/yoshirotsutsumi/.rvm/gems/ruby-2.0.0-p353/specifications/atomic-1.1.14.gemspec
I, [2014-01-11T16:17:19.415399 #2455]  INFO -- : 0:  thread_safe (0.1.3) from /Users/yoshirotsutsumi/.rvm/gems/ruby-2.0.0-p353/specifications/thread_safe-0.1.3.gemspec
I, [2014-01-11T16:17:19.415897 #2455]  INFO -- : 0:  tzinfo (0.3.38) from /Users/yoshirotsutsumi/.rvm/gems/ruby-2.0.0-p353/specifications/tzinfo-0.3.38.gemspec
I, [2014-01-11T16:17:19.416396 #2455]  INFO -- : 0:  activesupport (4.0.2) from /Users/yoshirotsutsumi/.rvm/gems/ruby-2.0.0-p353/specifications/activesupport-4.0.2.gemspec
I, [2014-01-11T16:17:19.416819 #2455]  INFO -- : 0:  builder (3.1.4) from /Users/yoshirotsutsumi/.rvm/gems/ruby-2.0.0-p353/specifications/builder-3.1.4.gemspec
I, [2014-01-11T16:17:19.417210 #2455]  INFO -- : 0:  erubis (2.7.0) from /Users/yoshirotsutsumi/.rvm/gems/ruby-2.0.0-p353/specifications/erubis-2.7.0.gemspec
I, [2014-01-11T16:17:19.417597 #2455]  INFO -- : 0:  rack (1.5.2) from /Users/yoshirotsutsumi/.rvm/gems/ruby-2.0.0-p353/specifications/rack-1.5.2.gemspec
I, [2014-01-11T16:17:19.417983 #2455]  INFO -- : 0:  rack-test (0.6.2) from /Users/yoshirotsutsumi/.rvm/gems/ruby-2.0.0-p353/specifications/rack-test-0.6.2.gemspec
I, [2014-01-11T16:17:19.418372 #2455]  INFO -- : 0:  actionpack (4.0.2) from /Users/yoshirotsutsumi/.rvm/gems/ruby-2.0.0-p353/specifications/actionpack-4.0.2.gemspec
I, [2014-01-11T16:17:19.418762 #2455]  INFO -- : 0:  mime-types (1.25.1) from /Users/yoshirotsutsumi/.rvm/gems/ruby-2.0.0-p353/specifications/mime-types-1.25.1.gemspec
I, [2014-01-11T16:17:19.419154 #2455]  INFO -- : 0:  polyglot (0.3.3) from /Users/yoshirotsutsumi/.rvm/gems/ruby-2.0.0-p353/specifications/polyglot-0.3.3.gemspec
I, [2014-01-11T16:17:19.419540 #2455]  INFO -- : 0:  treetop (1.4.15) from /Users/yoshirotsutsumi/.rvm/gems/ruby-2.0.0-p353/specifications/treetop-1.4.15.gemspec
I, [2014-01-11T16:17:19.419923 #2455]  INFO -- : 0:  mail (2.5.4) from /Users/yoshirotsutsumi/.rvm/gems/ruby-2.0.0-p353/specifications/mail-2.5.4.gemspec
I, [2014-01-11T16:17:19.420320 #2455]  INFO -- : 0:  actionmailer (4.0.2) from /Users/yoshirotsutsumi/.rvm/gems/ruby-2.0.0-p353/specifications/actionmailer-4.0.2.gemspec
I, [2014-01-11T16:17:19.420712 #2455]  INFO -- : 0:  activemodel (4.0.2) from /Users/yoshirotsutsumi/.rvm/gems/ruby-2.0.0-p353/specifications/activemodel-4.0.2.gemspec
I, [2014-01-11T16:17:19.421102 #2455]  INFO -- : 0:  activerecord-deprecated_finders (1.0.3) from /Users/yoshirotsutsumi/.rvm/gems/ruby-2.0.0-p353/specifications/activerecord-deprecated_finders-1.0.3.gemspec
I, [2014-01-11T16:17:19.421487 #2455]  INFO -- : 0:  arel (4.0.1) from /Users/yoshirotsutsumi/.rvm/gems/ruby-2.0.0-p353/specifications/arel-4.0.1.gemspec
I, [2014-01-11T16:17:19.421876 #2455]  INFO -- : 0:  activerecord (4.0.2) from /Users/yoshirotsutsumi/.rvm/gems/ruby-2.0.0-p353/specifications/activerecord-4.0.2.gemspec
I, [2014-01-11T16:17:19.422264 #2455]  INFO -- : 0:  coffee-script-source (1.6.3) from /Users/yoshirotsutsumi/.rvm/gems/ruby-2.0.0-p353/specifications/coffee-script-source-1.6.3.gemspec
I, [2014-01-11T16:17:19.422656 #2455]  INFO -- : 0:  execjs (2.0.2) from /Users/yoshirotsutsumi/.rvm/gems/ruby-2.0.0-p353/specifications/execjs-2.0.2.gemspec
I, [2014-01-11T16:17:19.423052 #2455]  INFO -- : 0:  coffee-script (2.2.0) from /Users/yoshirotsutsumi/.rvm/gems/ruby-2.0.0-p353/specifications/coffee-script-2.2.0.gemspec
I, [2014-01-11T16:17:19.423405 #2455]  INFO -- : 0:  thor (0.18.1) from /Users/yoshirotsutsumi/.rvm/gems/ruby-2.0.0-p353/specifications/thor-0.18.1.gemspec
I, [2014-01-11T16:17:19.423759 #2455]  INFO -- : 0:  railties (4.0.2) from /Users/yoshirotsutsumi/.rvm/gems/ruby-2.0.0-p353/specifications/railties-4.0.2.gemspec
I, [2014-01-11T16:17:19.424126 #2455]  INFO -- : 0:  coffee-rails (4.0.1) from /Users/yoshirotsutsumi/.rvm/gems/ruby-2.0.0-p353/specifications/coffee-rails-4.0.1.gemspec
I, [2014-01-11T16:17:19.424479 #2455]  INFO -- : 0:  commonjs (0.2.7) from /Users/yoshirotsutsumi/.rvm/gems/ruby-2.0.0-p353/specifications/commonjs-0.2.7.gemspec
I, [2014-01-11T16:17:19.424814 #2455]  INFO -- : 0:  hike (1.2.3) from /Users/yoshirotsutsumi/.rvm/gems/ruby-2.0.0-p353/specifications/hike-1.2.3.gemspec
I, [2014-01-11T16:17:19.425158 #2455]  INFO -- : 0:  jbuilder (1.5.3) from /Users/yoshirotsutsumi/.rvm/gems/ruby-2.0.0-p353/specifications/jbuilder-1.5.3.gemspec
I, [2014-01-11T16:17:19.425501 #2455]  INFO -- : 0:  jquery-rails (3.0.4) from /Users/yoshirotsutsumi/.rvm/gems/ruby-2.0.0-p353/specifications/jquery-rails-3.0.4.gemspec
I, [2014-01-11T16:17:19.425849 #2455]  INFO -- : 0:  json (1.8.1) from /Users/yoshirotsutsumi/.rvm/gems/ruby-2.0.0-p353/specifications/json-1.8.1.gemspec
I, [2014-01-11T16:17:19.426191 #2455]  INFO -- : 0:  less (2.4.0) from /Users/yoshirotsutsumi/.rvm/gems/ruby-2.0.0-p353/specifications/less-2.4.0.gemspec
I, [2014-01-11T16:17:19.426536 #2455]  INFO -- : 0:  less-rails (2.4.2) from /Users/yoshirotsutsumi/.rvm/gems/ruby-2.0.0-p353/specifications/less-rails-2.4.2.gemspec
I, [2014-01-11T16:17:19.426898 #2455]  INFO -- : 0:  libv8 (3.16.14.3) from /Users/yoshirotsutsumi/.rvm/gems/ruby-2.0.0-p353/specifications/libv8-3.16.14.3-x86_64-darwin-13.gemspec
I, [2014-01-11T16:17:19.427267 #2455]  INFO -- : 0:  pg (0.17.1) from /Users/yoshirotsutsumi/.rvm/gems/ruby-2.0.0-p353/specifications/pg-0.17.1.gemspec
I, [2014-01-11T16:17:22.210095 #2455]  INFO -- : 0:  railroady (1.1.1) from /Users/yoshirotsutsumi/.rvm/gems/ruby-2.0.0-p353/specifications/railroady-1.1.1.gemspec
I, [2014-01-11T16:17:22.210727 #2455]  INFO -- : 0:  bundler (1.5.1) from /Users/yoshirotsutsumi/.rvm/gems/ruby-2.0.0-p353@global/specifications/bundler-1.5.1.gemspec
I, [2014-01-11T16:17:22.211197 #2455]  INFO -- : 0:  tilt (1.4.1) from /Users/yoshirotsutsumi/.rvm/gems/ruby-2.0.0-p353/specifications/tilt-1.4.1.gemspec
I, [2014-01-11T16:17:22.211710 #2455]  INFO -- : 0:  sprockets (2.10.1) from /Users/yoshirotsutsumi/.rvm/gems/ruby-2.0.0-p353/specifications/sprockets-2.10.1.gemspec
I, [2014-01-11T16:17:22.212174 #2455]  INFO -- : 0:  sprockets-rails (2.0.1) from /Users/yoshirotsutsumi/.rvm/gems/ruby-2.0.0-p353/specifications/sprockets-rails-2.0.1.gemspec
I, [2014-01-11T16:17:22.212564 #2455]  INFO -- : 0:  rails (4.0.2) from /Users/yoshirotsutsumi/.rvm/gems/ruby-2.0.0-p353/specifications/rails-4.0.2.gemspec
I, [2014-01-11T16:17:25.579730 #2455]  INFO -- : 0:  rails_serve_static_assets (0.0.2) from /Users/yoshirotsutsumi/.rvm/gems/ruby-2.0.0-p353/specifications/rails_serve_static_assets-0.0.2.gemspec
I, [2014-01-11T16:17:29.052874 #2455]  INFO -- : 0:  rails_stdout_logging (0.0.3) from /Users/yoshirotsutsumi/.rvm/gems/ruby-2.0.0-p353/specifications/rails_stdout_logging-0.0.3.gemspec
I, [2014-01-11T16:17:31.312527 #2455]  INFO -- : 0:  rails_12factor (0.0.2) from /Users/yoshirotsutsumi/.rvm/gems/ruby-2.0.0-p353/specifications/rails_12factor-0.0.2.gemspec
I, [2014-01-11T16:17:51.048373 #2455]  INFO -- : 0:  rdoc (3.12.2) from /Users/yoshirotsutsumi/.rvm/gems/ruby-2.0.0-p353/specifications/rdoc-3.12.2.gemspec
I, [2014-01-11T16:18:02.017164 #2455]  INFO -- : 0:  ref (1.0.5) from /Users/yoshirotsutsumi/.rvm/gems/ruby-2.0.0-p353/specifications/ref-1.0.5.gemspec
I, [2014-01-11T16:18:07.625014 #2455]  INFO -- : 0:  sass (3.2.13) from /Users/yoshirotsutsumi/.rvm/gems/ruby-2.0.0-p353/specifications/sass-3.2.13.gemspec
I, [2014-01-11T16:18:13.666631 #2455]  INFO -- : 0:  sass-rails (4.0.1) from /Users/yoshirotsutsumi/.rvm/gems/ruby-2.0.0-p353/specifications/sass-rails-4.0.1.gemspec
I, [2014-01-11T16:18:22.282520 #2455]  INFO -- : 0:  sdoc (0.3.20) from /Users/yoshirotsutsumi/.rvm/gems/ruby-2.0.0-p353/specifications/sdoc-0.3.20.gemspec
I, [2014-01-11T16:18:38.293696 #2455]  INFO -- : 0:  therubyracer (0.12.0) from /Users/yoshirotsutsumi/.rvm/gems/ruby-2.0.0-p353/specifications/therubyracer-0.12.0.gemspec
I, [2014-01-11T16:18:43.741525 #2455]  INFO -- : 0:  turbolinks (2.1.0) from /Users/yoshirotsutsumi/.rvm/gems/ruby-2.0.0-p353/specifications/turbolinks-2.1.0.gemspec
I, [2014-01-11T16:18:49.904618 #2455]  INFO -- : 0:  twitter-bootstrap-rails (2.2.8) from /Users/yoshirotsutsumi/.rvm/gems/ruby-2.0.0-p353/specifications/twitter-bootstrap-rails-2.2.8.gemspec
I, [2014-01-11T16:18:55.315338 #2455]  INFO -- : 0:  uglifier (2.4.0) from /Users/yoshirotsutsumi/.rvm/gems/ruby-2.0.0-p353/specifications/uglifier-2.4.0.gemspec
